2020-02-22 20:08:06.942  INFO 4840 --- [restartedMain] com.assignment.test.TestApplication      : Starting TestApplication on DESKTOP-TPHENM6 with PID 4840 (C:\Users\magantilavakumar\git\Assignment\Assignment\target\classes started by magantilavakumar in C:\Users\magantilavakumar\git\Assignment\Assignment)
2020-02-22 20:08:06.943  INFO 4840 --- [restartedMain] com.assignment.test.TestApplication      : No active profile set, falling back to default profiles: default
2020-02-22 20:08:06.991  INFO 4840 --- [restartedMain] .e.DevToolsPropertyDefaultsPostProcessor : Devtools property defaults active! Set 'spring.devtools.add-properties' to 'false' to disable
2020-02-22 20:08:06.992  INFO 4840 --- [restartedMain] .e.DevToolsPropertyDefaultsPostProcessor : For additional web related logging consider setting the 'logging.level.web' property to 'DEBUG'
2020-02-22 20:08:08.087  INFO 4840 --- [restartedMain] .s.d.r.c.RepositoryConfigurationDelegate : Bootstrapping Spring Data JPA repositories in DEFAULT mode.
2020-02-22 20:08:08.126  INFO 4840 --- [restartedMain] .s.d.r.c.RepositoryConfigurationDelegate : Finished Spring Data repository scanning in 19ms. Found 0 JPA repository interfaces.
2020-02-22 20:08:08.630  INFO 4840 --- [restartedMain] trationDelegate$BeanPostProcessorChecker : Bean 'org.springframework.transaction.annotation.ProxyTransactionManagementConfiguration' of type [org.springframework.transaction.annotation.ProxyTransactionManagementConfiguration$$EnhancerBySpringCGLIB$$a05bb5a2] is not eligible for getting processed by all BeanPostProcessors (for example: not eligible for auto-proxying)
2020-02-22 20:08:08.953  INFO 4840 --- [restartedMain] o.s.b.w.embedded.tomcat.TomcatWebServer  : Tomcat initialized with port(s): 9090 (http)
2020-02-22 20:08:08.973  INFO 4840 --- [restartedMain] o.apache.catalina.core.StandardService   : Starting service [Tomcat]
2020-02-22 20:08:08.973  INFO 4840 --- [restartedMain] org.apache.catalina.core.StandardEngine  : Starting Servlet engine: [Apache Tomcat/9.0.30]
2020-02-22 20:08:09.064  INFO 4840 --- [restartedMain] o.a.c.c.C.[Tomcat].[localhost].[/]       : Initializing Spring embedded WebApplicationContext
2020-02-22 20:08:09.064  INFO 4840 --- [restartedMain] o.s.web.context.ContextLoader            : Root WebApplicationContext: initialization completed in 2072 ms
2020-02-22 20:08:09.196  INFO 4840 --- [restartedMain] com.zaxxer.hikari.HikariDataSource       : HikariPool-1 - Starting...
2020-02-22 20:08:09.324  INFO 4840 --- [restartedMain] com.zaxxer.hikari.HikariDataSource       : HikariPool-1 - Start completed.
2020-02-22 20:08:09.371  INFO 4840 --- [restartedMain] o.hibernate.jpa.internal.util.LogHelper  : HHH000204: Processing PersistenceUnitInfo [
	name: default
	...]
2020-02-22 20:08:09.522  INFO 4840 --- [restartedMain] org.hibernate.Version                    : HHH000412: Hibernate Core {5.3.15.Final}
2020-02-22 20:08:09.523  INFO 4840 --- [restartedMain] org.hibernate.cfg.Environment            : HHH000206: hibernate.properties not found
2020-02-22 20:08:09.631  INFO 4840 --- [restartedMain] o.hibernate.annotations.common.Version   : HCANN000001: Hibernate Commons Annotations {5.0.4.Final}
2020-02-22 20:08:09.743  INFO 4840 --- [restartedMain] org.hibernate.dialect.Dialect            : HHH000400: Using dialect: org.hibernate.dialect.H2Dialect
2020-02-22 20:08:09.908  INFO 4840 --- [restartedMain] o.h.t.schema.internal.SchemaCreatorImpl  : HHH000476: Executing import script 'org.hibernate.tool.schema.internal.exec.ScriptSourceInputNonExistentImpl@6228a116'
2020-02-22 20:08:09.911  INFO 4840 --- [restartedMain] j.LocalContainerEntityManagerFactoryBean : Initialized JPA EntityManagerFactory for persistence unit 'default'
2020-02-22 20:08:09.944  INFO 4840 --- [restartedMain] o.s.b.d.a.OptionalLiveReloadServer       : LiveReload server is running on port 35729
2020-02-22 20:08:10.132  INFO 4840 --- [restartedMain] o.s.s.concurrent.ThreadPoolTaskExecutor  : Initializing ExecutorService 'applicationTaskExecutor'
2020-02-22 20:08:10.159  WARN 4840 --- [restartedMain] aWebConfiguration$JpaWebMvcConfiguration : spring.jpa.open-in-view is enabled by default. Therefore, database queries may be performed during view rendering. Explicitly configure spring.jpa.open-in-view to disable this warning
2020-02-22 20:08:10.341  INFO 4840 --- [restartedMain] o.s.b.w.embedded.tomcat.TomcatWebServer  : Tomcat started on port(s): 9090 (http) with context path ''
2020-02-22 20:08:10.343  INFO 4840 --- [restartedMain] com.assignment.test.TestApplication      : Started TestApplication in 3.868 seconds (JVM running for 4.813)
2020-02-22 20:08:39.141  INFO 4840 --- [RMI TCP Connection(10)-127.0.0.1] inMXBeanRegistrar$SpringApplicationAdmin : Application shutdown requested.
2020-02-22 20:08:39.145  INFO 4840 --- [RMI TCP Connection(10)-127.0.0.1] o.s.s.concurrent.ThreadPoolTaskExecutor  : Shutting down ExecutorService 'applicationTaskExecutor'
2020-02-22 20:08:39.146  INFO 4840 --- [RMI TCP Connection(10)-127.0.0.1] j.LocalContainerEntityManagerFactoryBean : Closing JPA EntityManagerFactory for persistence unit 'default'
2020-02-22 20:08:39.146  INFO 4840 --- [RMI TCP Connection(10)-127.0.0.1] .SchemaDropperImpl$DelayedDropActionImpl : HHH000477: Starting delayed evictData of schema as part of SessionFactory shut-down'
2020-02-22 20:08:39.367  WARN 4840 --- [RMI TCP Connection(10)-127.0.0.1] o.s.b.f.support.DisposableBeanAdapter    : Invocation of destroy method failed on bean with name 'inMemoryDatabaseShutdownExecutor': org.h2.jdbc.JdbcSQLNonTransientConnectionException: Database is already closed (to disable automatic closing at VM shutdown, add ";DB_CLOSE_ON_EXIT=FALSE" to the db URL) [90121-200]
2020-02-22 20:08:39.368  INFO 4840 --- [RMI TCP Connection(10)-127.0.0.1] com.zaxxer.hikari.HikariDataSource       : HikariPool-1 - Shutdown initiated...
2020-02-22 20:08:39.371  INFO 4840 --- [RMI TCP Connection(10)-127.0.0.1] com.zaxxer.hikari.HikariDataSource       : HikariPool-1 - Shutdown completed.
2020-02-22 20:09:07.170  INFO 13864 --- [restartedMain] com.assignment.test.TestApplication      : Starting TestApplication on DESKTOP-TPHENM6 with PID 13864 (C:\Users\magantilavakumar\git\Assignment\Assignment\target\classes started by magantilavakumar in C:\Users\magantilavakumar\git\Assignment\Assignment)
2020-02-22 20:09:07.172  INFO 13864 --- [restartedMain] com.assignment.test.TestApplication      : No active profile set, falling back to default profiles: default
2020-02-22 20:09:07.213  INFO 13864 --- [restartedMain] .e.DevToolsPropertyDefaultsPostProcessor : Devtools property defaults active! Set 'spring.devtools.add-properties' to 'false' to disable
2020-02-22 20:09:07.214  INFO 13864 --- [restartedMain] .e.DevToolsPropertyDefaultsPostProcessor : For additional web related logging consider setting the 'logging.level.web' property to 'DEBUG'
2020-02-22 20:09:07.858  INFO 13864 --- [restartedMain] .s.d.r.c.RepositoryConfigurationDelegate : Bootstrapping Spring Data JPA repositories in DEFAULT mode.
2020-02-22 20:09:07.875  INFO 13864 --- [restartedMain] .s.d.r.c.RepositoryConfigurationDelegate : Finished Spring Data repository scanning in 11ms. Found 0 JPA repository interfaces.
2020-02-22 20:09:08.215  INFO 13864 --- [restartedMain] trationDelegate$BeanPostProcessorChecker : Bean 'org.springframework.transaction.annotation.ProxyTransactionManagementConfiguration' of type [org.springframework.transaction.annotation.ProxyTransactionManagementConfiguration$$EnhancerBySpringCGLIB$$2902656f] is not eligible for getting processed by all BeanPostProcessors (for example: not eligible for auto-proxying)
2020-02-22 20:09:08.493  INFO 13864 --- [restartedMain] o.s.b.w.embedded.tomcat.TomcatWebServer  : Tomcat initialized with port(s): 9090 (http)
2020-02-22 20:09:08.512  INFO 13864 --- [restartedMain] o.apache.catalina.core.StandardService   : Starting service [Tomcat]
2020-02-22 20:09:08.513  INFO 13864 --- [restartedMain] org.apache.catalina.core.StandardEngine  : Starting Servlet engine: [Apache Tomcat/9.0.30]
2020-02-22 20:09:08.611  INFO 13864 --- [restartedMain] o.a.c.c.C.[Tomcat].[localhost].[/]       : Initializing Spring embedded WebApplicationContext
2020-02-22 20:09:08.612  INFO 13864 --- [restartedMain] o.s.web.context.ContextLoader            : Root WebApplicationContext: initialization completed in 1398 ms
2020-02-22 20:09:08.786  INFO 13864 --- [restartedMain] com.zaxxer.hikari.HikariDataSource       : HikariPool-1 - Starting...
2020-02-22 20:09:08.935  INFO 13864 --- [restartedMain] com.zaxxer.hikari.HikariDataSource       : HikariPool-1 - Start completed.
2020-02-22 20:09:08.999  INFO 13864 --- [restartedMain] o.hibernate.jpa.internal.util.LogHelper  : HHH000204: Processing PersistenceUnitInfo [
	name: default
	...]
2020-02-22 20:09:09.198  INFO 13864 --- [restartedMain] org.hibernate.Version                    : HHH000412: Hibernate Core {5.3.15.Final}
2020-02-22 20:09:09.200  INFO 13864 --- [restartedMain] org.hibernate.cfg.Environment            : HHH000206: hibernate.properties not found
2020-02-22 20:09:09.321  INFO 13864 --- [restartedMain] o.hibernate.annotations.common.Version   : HCANN000001: Hibernate Commons Annotations {5.0.4.Final}
2020-02-22 20:09:09.437  INFO 13864 --- [restartedMain] org.hibernate.dialect.Dialect            : HHH000400: Using dialect: org.hibernate.dialect.H2Dialect
2020-02-22 20:09:09.606  INFO 13864 --- [restartedMain] o.h.t.schema.internal.SchemaCreatorImpl  : HHH000476: Executing import script 'org.hibernate.tool.schema.internal.exec.ScriptSourceInputNonExistentImpl@23ca86d2'
2020-02-22 20:09:09.609  INFO 13864 --- [restartedMain] j.LocalContainerEntityManagerFactoryBean : Initialized JPA EntityManagerFactory for persistence unit 'default'
2020-02-22 20:09:09.642  INFO 13864 --- [restartedMain] o.s.b.d.a.OptionalLiveReloadServer       : LiveReload server is running on port 35729
2020-02-22 20:09:09.819  INFO 13864 --- [restartedMain] o.s.s.concurrent.ThreadPoolTaskExecutor  : Initializing ExecutorService 'applicationTaskExecutor'
2020-02-22 20:09:09.846  WARN 13864 --- [restartedMain] aWebConfiguration$JpaWebMvcConfiguration : spring.jpa.open-in-view is enabled by default. Therefore, database queries may be performed during view rendering. Explicitly configure spring.jpa.open-in-view to disable this warning
2020-02-22 20:09:10.018  INFO 13864 --- [restartedMain] o.s.b.w.embedded.tomcat.TomcatWebServer  : Tomcat started on port(s): 9090 (http) with context path ''
2020-02-22 20:09:10.021  INFO 13864 --- [restartedMain] com.assignment.test.TestApplication      : Started TestApplication in 3.173 seconds (JVM running for 4.035)
2020-02-22 20:10:11.266  INFO 13864 --- [Thread-6] o.s.s.concurrent.ThreadPoolTaskExecutor  : Shutting down ExecutorService 'applicationTaskExecutor'
2020-02-22 20:10:11.268  INFO 13864 --- [Thread-6] j.LocalContainerEntityManagerFactoryBean : Closing JPA EntityManagerFactory for persistence unit 'default'
2020-02-22 20:10:11.270  INFO 13864 --- [Thread-6] .SchemaDropperImpl$DelayedDropActionImpl : HHH000477: Starting delayed evictData of schema as part of SessionFactory shut-down'
2020-02-22 20:10:11.504  WARN 13864 --- [Thread-6] o.s.b.f.support.DisposableBeanAdapter    : Invocation of destroy method failed on bean with name 'inMemoryDatabaseShutdownExecutor': org.h2.jdbc.JdbcSQLNonTransientConnectionException: Database is already closed (to disable automatic closing at VM shutdown, add ";DB_CLOSE_ON_EXIT=FALSE" to the db URL) [90121-200]
2020-02-22 20:10:11.506  INFO 13864 --- [Thread-6] com.zaxxer.hikari.HikariDataSource       : HikariPool-1 - Shutdown initiated...
2020-02-22 20:10:11.511  INFO 13864 --- [Thread-6] com.zaxxer.hikari.HikariDataSource       : HikariPool-1 - Shutdown completed.
2020-02-22 20:10:22.268  INFO 11692 --- [restartedMain] com.assignment.test.TestApplication      : Starting TestApplication on DESKTOP-TPHENM6 with PID 11692 (C:\Users\magantilavakumar\git\Assignment\Assignment\target\classes started by magantilavakumar in C:\Users\magantilavakumar\git\Assignment\Assignment)
2020-02-22 20:10:22.269  INFO 11692 --- [restartedMain] com.assignment.test.TestApplication      : No active profile set, falling back to default profiles: default
2020-02-22 20:10:22.318  INFO 11692 --- [restartedMain] .e.DevToolsPropertyDefaultsPostProcessor : Devtools property defaults active! Set 'spring.devtools.add-properties' to 'false' to disable
2020-02-22 20:10:22.318  INFO 11692 --- [restartedMain] .e.DevToolsPropertyDefaultsPostProcessor : For additional web related logging consider setting the 'logging.level.web' property to 'DEBUG'
2020-02-22 20:10:23.102  INFO 11692 --- [restartedMain] .s.d.r.c.RepositoryConfigurationDelegate : Bootstrapping Spring Data JPA repositories in DEFAULT mode.
2020-02-22 20:10:23.123  INFO 11692 --- [restartedMain] .s.d.r.c.RepositoryConfigurationDelegate : Finished Spring Data repository scanning in 12ms. Found 0 JPA repository interfaces.
2020-02-22 20:10:23.520  INFO 11692 --- [restartedMain] trationDelegate$BeanPostProcessorChecker : Bean 'org.springframework.transaction.annotation.ProxyTransactionManagementConfiguration' of type [org.springframework.transaction.annotation.ProxyTransactionManagementConfiguration$$EnhancerBySpringCGLIB$$e3fb1e4a] is not eligible for getting processed by all BeanPostProcessors (for example: not eligible for auto-proxying)
2020-02-22 20:10:23.875  INFO 11692 --- [restartedMain] o.s.b.w.embedded.tomcat.TomcatWebServer  : Tomcat initialized with port(s): 9090 (http)
2020-02-22 20:10:23.897  INFO 11692 --- [restartedMain] o.apache.catalina.core.StandardService   : Starting service [Tomcat]
2020-02-22 20:10:23.897  INFO 11692 --- [restartedMain] org.apache.catalina.core.StandardEngine  : Starting Servlet engine: [Apache Tomcat/9.0.30]
2020-02-22 20:10:24.006  INFO 11692 --- [restartedMain] o.a.c.c.C.[Tomcat].[localhost].[/]       : Initializing Spring embedded WebApplicationContext
2020-02-22 20:10:24.006  INFO 11692 --- [restartedMain] o.s.web.context.ContextLoader            : Root WebApplicationContext: initialization completed in 1688 ms
2020-02-22 20:10:24.240  INFO 11692 --- [restartedMain] com.zaxxer.hikari.HikariDataSource       : HikariPool-1 - Starting...
2020-02-22 20:10:24.410  INFO 11692 --- [restartedMain] com.zaxxer.hikari.HikariDataSource       : HikariPool-1 - Start completed.
2020-02-22 20:10:24.458  INFO 11692 --- [restartedMain] o.hibernate.jpa.internal.util.LogHelper  : HHH000204: Processing PersistenceUnitInfo [
	name: default
	...]
2020-02-22 20:10:24.627  INFO 11692 --- [restartedMain] org.hibernate.Version                    : HHH000412: Hibernate Core {5.3.15.Final}
2020-02-22 20:10:24.629  INFO 11692 --- [restartedMain] org.hibernate.cfg.Environment            : HHH000206: hibernate.properties not found
2020-02-22 20:10:24.763  INFO 11692 --- [restartedMain] o.hibernate.annotations.common.Version   : HCANN000001: Hibernate Commons Annotations {5.0.4.Final}
2020-02-22 20:10:24.906  INFO 11692 --- [restartedMain] org.hibernate.dialect.Dialect            : HHH000400: Using dialect: org.hibernate.dialect.H2Dialect
2020-02-22 20:10:25.123  INFO 11692 --- [restartedMain] o.h.t.schema.internal.SchemaCreatorImpl  : HHH000476: Executing import script 'org.hibernate.tool.schema.internal.exec.ScriptSourceInputNonExistentImpl@15314c8d'
2020-02-22 20:10:25.126  INFO 11692 --- [restartedMain] j.LocalContainerEntityManagerFactoryBean : Initialized JPA EntityManagerFactory for persistence unit 'default'
2020-02-22 20:10:25.166  INFO 11692 --- [restartedMain] o.s.b.d.a.OptionalLiveReloadServer       : LiveReload server is running on port 35729
2020-02-22 20:10:25.383  INFO 11692 --- [restartedMain] o.s.s.concurrent.ThreadPoolTaskExecutor  : Initializing ExecutorService 'applicationTaskExecutor'
2020-02-22 20:10:25.418  WARN 11692 --- [restartedMain] aWebConfiguration$JpaWebMvcConfiguration : spring.jpa.open-in-view is enabled by default. Therefore, database queries may be performed during view rendering. Explicitly configure spring.jpa.open-in-view to disable this warning
2020-02-22 20:10:25.633  INFO 11692 --- [restartedMain] o.s.b.w.embedded.tomcat.TomcatWebServer  : Tomcat started on port(s): 9090 (http) with context path ''
2020-02-22 20:10:25.637  INFO 11692 --- [restartedMain] com.assignment.test.TestApplication      : Started TestApplication in 3.753 seconds (JVM running for 4.597)
2020-02-22 20:15:53.783  INFO 15188 --- [restartedMain] com.assignment.test.TestApplication      : Starting TestApplication on DESKTOP-TPHENM6 with PID 15188 (C:\Users\magantilavakumar\git\Assignment\Assignment\target\classes started by magantilavakumar in C:\Users\magantilavakumar\git\Assignment\Assignment)
2020-02-22 20:15:53.784  INFO 15188 --- [restartedMain] com.assignment.test.TestApplication      : No active profile set, falling back to default profiles: default
2020-02-22 20:15:53.830  INFO 15188 --- [restartedMain] .e.DevToolsPropertyDefaultsPostProcessor : Devtools property defaults active! Set 'spring.devtools.add-properties' to 'false' to disable
2020-02-22 20:15:53.830  INFO 15188 --- [restartedMain] .e.DevToolsPropertyDefaultsPostProcessor : For additional web related logging consider setting the 'logging.level.web' property to 'DEBUG'
2020-02-22 20:15:54.621  INFO 15188 --- [restartedMain] .s.d.r.c.RepositoryConfigurationDelegate : Bootstrapping Spring Data JPA repositories in DEFAULT mode.
2020-02-22 20:15:54.642  INFO 15188 --- [restartedMain] .s.d.r.c.RepositoryConfigurationDelegate : Finished Spring Data repository scanning in 12ms. Found 0 JPA repository interfaces.
2020-02-22 20:15:55.000  INFO 15188 --- [restartedMain] trationDelegate$BeanPostProcessorChecker : Bean 'org.springframework.transaction.annotation.ProxyTransactionManagementConfiguration' of type [org.springframework.transaction.annotation.ProxyTransactionManagementConfiguration$$EnhancerBySpringCGLIB$$8f3f2cea] is not eligible for getting processed by all BeanPostProcessors (for example: not eligible for auto-proxying)
2020-02-22 20:15:55.307  INFO 15188 --- [restartedMain] o.s.b.w.embedded.tomcat.TomcatWebServer  : Tomcat initialized with port(s): 9090 (http)
2020-02-22 20:15:55.327  INFO 15188 --- [restartedMain] o.apache.catalina.core.StandardService   : Starting service [Tomcat]
2020-02-22 20:15:55.328  INFO 15188 --- [restartedMain] org.apache.catalina.core.StandardEngine  : Starting Servlet engine: [Apache Tomcat/9.0.30]
2020-02-22 20:15:55.426  INFO 15188 --- [restartedMain] o.a.c.c.C.[Tomcat].[localhost].[/]       : Initializing Spring embedded WebApplicationContext
2020-02-22 20:15:55.426  INFO 15188 --- [restartedMain] o.s.web.context.ContextLoader            : Root WebApplicationContext: initialization completed in 1596 ms
2020-02-22 20:15:55.591  INFO 15188 --- [restartedMain] com.zaxxer.hikari.HikariDataSource       : HikariPool-1 - Starting...
2020-02-22 20:15:55.882  INFO 15188 --- [restartedMain] com.zaxxer.hikari.HikariDataSource       : HikariPool-1 - Start completed.
2020-02-22 20:15:55.991  INFO 15188 --- [restartedMain] o.hibernate.jpa.internal.util.LogHelper  : HHH000204: Processing PersistenceUnitInfo [
	name: default
	...]
2020-02-22 20:15:56.173  INFO 15188 --- [restartedMain] org.hibernate.Version                    : HHH000412: Hibernate Core {5.3.15.Final}
2020-02-22 20:15:56.175  INFO 15188 --- [restartedMain] org.hibernate.cfg.Environment            : HHH000206: hibernate.properties not found
2020-02-22 20:15:56.313  INFO 15188 --- [restartedMain] o.hibernate.annotations.common.Version   : HCANN000001: Hibernate Commons Annotations {5.0.4.Final}
2020-02-22 20:15:56.456  INFO 15188 --- [restartedMain] org.hibernate.dialect.Dialect            : HHH000400: Using dialect: org.hibernate.dialect.H2Dialect
2020-02-22 20:15:56.665  INFO 15188 --- [restartedMain] o.h.t.schema.internal.SchemaCreatorImpl  : HHH000476: Executing import script 'org.hibernate.tool.schema.internal.exec.ScriptSourceInputNonExistentImpl@2661ea80'
2020-02-22 20:15:56.669  INFO 15188 --- [restartedMain] j.LocalContainerEntityManagerFactoryBean : Initialized JPA EntityManagerFactory for persistence unit 'default'
2020-02-22 20:15:56.709  INFO 15188 --- [restartedMain] o.s.b.d.a.OptionalLiveReloadServer       : LiveReload server is running on port 35729
2020-02-22 20:15:56.933  INFO 15188 --- [restartedMain] o.s.s.concurrent.ThreadPoolTaskExecutor  : Initializing ExecutorService 'applicationTaskExecutor'
2020-02-22 20:15:56.968  WARN 15188 --- [restartedMain] aWebConfiguration$JpaWebMvcConfiguration : spring.jpa.open-in-view is enabled by default. Therefore, database queries may be performed during view rendering. Explicitly configure spring.jpa.open-in-view to disable this warning
2020-02-22 20:15:57.196  INFO 15188 --- [restartedMain] o.s.b.w.embedded.tomcat.TomcatWebServer  : Tomcat started on port(s): 9090 (http) with context path ''
2020-02-22 20:15:57.201  INFO 15188 --- [restartedMain] com.assignment.test.TestApplication      : Started TestApplication in 3.785 seconds (JVM running for 4.704)
2020-02-22 20:16:05.268  INFO 15188 --- [http-nio-9090-exec-2] o.a.c.c.C.[Tomcat].[localhost].[/]       : Initializing Spring DispatcherServlet 'dispatcherServlet'
2020-02-22 20:16:05.270  INFO 15188 --- [http-nio-9090-exec-2] o.s.web.servlet.DispatcherServlet        : Initializing Servlet 'dispatcherServlet'
2020-02-22 20:16:05.279  INFO 15188 --- [http-nio-9090-exec-2] o.s.web.servlet.DispatcherServlet        : Completed initialization in 8 ms
2020-02-22 20:19:22.312  INFO 15188 --- [Thread-6] o.s.s.concurrent.ThreadPoolTaskExecutor  : Shutting down ExecutorService 'applicationTaskExecutor'
2020-02-22 20:19:22.313  INFO 15188 --- [Thread-6] j.LocalContainerEntityManagerFactoryBean : Closing JPA EntityManagerFactory for persistence unit 'default'
2020-02-22 20:19:22.314  INFO 15188 --- [Thread-6] .SchemaDropperImpl$DelayedDropActionImpl : HHH000477: Starting delayed evictData of schema as part of SessionFactory shut-down'
2020-02-22 20:19:22.528  WARN 15188 --- [Thread-6] o.s.b.f.support.DisposableBeanAdapter    : Invocation of destroy method failed on bean with name 'inMemoryDatabaseShutdownExecutor': org.h2.jdbc.JdbcSQLNonTransientConnectionException: Database is already closed (to disable automatic closing at VM shutdown, add ";DB_CLOSE_ON_EXIT=FALSE" to the db URL) [90121-200]
2020-02-22 20:19:22.528  INFO 15188 --- [Thread-6] com.zaxxer.hikari.HikariDataSource       : HikariPool-1 - Shutdown initiated...
2020-02-22 20:19:22.532  INFO 15188 --- [Thread-6] com.zaxxer.hikari.HikariDataSource       : HikariPool-1 - Shutdown completed.
2020-02-22 20:19:23.034  INFO 15188 --- [restartedMain] com.assignment.test.TestApplication      : You are in TestApplicaiton
2020-02-22 20:19:23.110  INFO 15188 --- [restartedMain] com.assignment.test.TestApplication      : Starting TestApplication on DESKTOP-TPHENM6 with PID 15188 (C:\Users\magantilavakumar\git\Assignment\Assignment\target\classes started by magantilavakumar in C:\Users\magantilavakumar\git\Assignment\Assignment)
2020-02-22 20:19:23.111  INFO 15188 --- [restartedMain] com.assignment.test.TestApplication      : No active profile set, falling back to default profiles: default
2020-02-22 20:19:27.810  INFO 2752 --- [restartedMain] com.assignment.test.TestApplication      : Starting TestApplication on DESKTOP-TPHENM6 with PID 2752 (C:\Users\magantilavakumar\git\Assignment\Assignment\target\classes started by magantilavakumar in C:\Users\magantilavakumar\git\Assignment\Assignment)
2020-02-22 20:19:27.811  INFO 2752 --- [restartedMain] com.assignment.test.TestApplication      : No active profile set, falling back to default profiles: default
2020-02-22 20:19:27.860  INFO 2752 --- [restartedMain] .e.DevToolsPropertyDefaultsPostProcessor : Devtools property defaults active! Set 'spring.devtools.add-properties' to 'false' to disable
2020-02-22 20:19:27.860  INFO 2752 --- [restartedMain] .e.DevToolsPropertyDefaultsPostProcessor : For additional web related logging consider setting the 'logging.level.web' property to 'DEBUG'
2020-02-22 20:19:28.819  INFO 2752 --- [restartedMain] .s.d.r.c.RepositoryConfigurationDelegate : Bootstrapping Spring Data JPA repositories in DEFAULT mode.
2020-02-22 20:19:28.846  INFO 2752 --- [restartedMain] .s.d.r.c.RepositoryConfigurationDelegate : Finished Spring Data repository scanning in 17ms. Found 0 JPA repository interfaces.
2020-02-22 20:19:29.227  INFO 2752 --- [restartedMain] trationDelegate$BeanPostProcessorChecker : Bean 'org.springframework.transaction.annotation.ProxyTransactionManagementConfiguration' of type [org.springframework.transaction.annotation.ProxyTransactionManagementConfiguration$$EnhancerBySpringCGLIB$$eb1a5b17] is not eligible for getting processed by all BeanPostProcessors (for example: not eligible for auto-proxying)
2020-02-22 20:19:29.499  INFO 2752 --- [restartedMain] o.s.b.w.embedded.tomcat.TomcatWebServer  : Tomcat initialized with port(s): 9090 (http)
2020-02-22 20:19:29.518  INFO 2752 --- [restartedMain] o.apache.catalina.core.StandardService   : Starting service [Tomcat]
2020-02-22 20:19:29.518  INFO 2752 --- [restartedMain] org.apache.catalina.core.StandardEngine  : Starting Servlet engine: [Apache Tomcat/9.0.30]
2020-02-22 20:19:29.608  INFO 2752 --- [restartedMain] o.a.c.c.C.[Tomcat].[localhost].[/]       : Initializing Spring embedded WebApplicationContext
2020-02-22 20:19:29.609  INFO 2752 --- [restartedMain] o.s.web.context.ContextLoader            : Root WebApplicationContext: initialization completed in 1749 ms
2020-02-22 20:19:29.749  INFO 2752 --- [restartedMain] com.zaxxer.hikari.HikariDataSource       : HikariPool-1 - Starting...
2020-02-22 20:19:29.865  INFO 2752 --- [restartedMain] com.zaxxer.hikari.HikariDataSource       : HikariPool-1 - Start completed.
2020-02-22 20:19:29.908  INFO 2752 --- [restartedMain] o.hibernate.jpa.internal.util.LogHelper  : HHH000204: Processing PersistenceUnitInfo [
	name: default
	...]
2020-02-22 20:19:30.056  INFO 2752 --- [restartedMain] org.hibernate.Version                    : HHH000412: Hibernate Core {5.3.15.Final}
2020-02-22 20:19:30.058  INFO 2752 --- [restartedMain] org.hibernate.cfg.Environment            : HHH000206: hibernate.properties not found
2020-02-22 20:19:30.164  INFO 2752 --- [restartedMain] o.hibernate.annotations.common.Version   : HCANN000001: Hibernate Commons Annotations {5.0.4.Final}
2020-02-22 20:19:30.283  INFO 2752 --- [restartedMain] org.hibernate.dialect.Dialect            : HHH000400: Using dialect: org.hibernate.dialect.H2Dialect
2020-02-22 20:19:30.440  INFO 2752 --- [restartedMain] o.h.t.schema.internal.SchemaCreatorImpl  : HHH000476: Executing import script 'org.hibernate.tool.schema.internal.exec.ScriptSourceInputNonExistentImpl@2a61c1e1'
2020-02-22 20:19:30.443  INFO 2752 --- [restartedMain] j.LocalContainerEntityManagerFactoryBean : Initialized JPA EntityManagerFactory for persistence unit 'default'
2020-02-22 20:19:30.479  INFO 2752 --- [restartedMain] o.s.b.d.a.OptionalLiveReloadServer       : LiveReload server is running on port 35729
2020-02-22 20:19:30.654  INFO 2752 --- [restartedMain] o.s.s.concurrent.ThreadPoolTaskExecutor  : Initializing ExecutorService 'applicationTaskExecutor'
2020-02-22 20:19:30.682  WARN 2752 --- [restartedMain] aWebConfiguration$JpaWebMvcConfiguration : spring.jpa.open-in-view is enabled by default. Therefore, database queries may be performed during view rendering. Explicitly configure spring.jpa.open-in-view to disable this warning
2020-02-22 20:19:30.858  INFO 2752 --- [restartedMain] o.s.b.w.embedded.tomcat.TomcatWebServer  : Tomcat started on port(s): 9090 (http) with context path ''
2020-02-22 20:19:30.861  INFO 2752 --- [restartedMain] com.assignment.test.TestApplication      : Started TestApplication in 3.375 seconds (JVM running for 4.094)
2020-02-22 20:19:37.505  INFO 2752 --- [RMI TCP Connection(7)-127.0.0.1] inMXBeanRegistrar$SpringApplicationAdmin : Application shutdown requested.
2020-02-22 20:19:37.510  INFO 2752 --- [RMI TCP Connection(7)-127.0.0.1] o.s.s.concurrent.ThreadPoolTaskExecutor  : Shutting down ExecutorService 'applicationTaskExecutor'
2020-02-22 20:19:37.511  INFO 2752 --- [RMI TCP Connection(7)-127.0.0.1] j.LocalContainerEntityManagerFactoryBean : Closing JPA EntityManagerFactory for persistence unit 'default'
2020-02-22 20:19:37.511  INFO 2752 --- [RMI TCP Connection(7)-127.0.0.1] .SchemaDropperImpl$DelayedDropActionImpl : HHH000477: Starting delayed evictData of schema as part of SessionFactory shut-down'
2020-02-22 20:19:37.592  INFO 12956 --- [restartedMain] com.assignment.test.TestApplication      : Starting TestApplication on DESKTOP-TPHENM6 with PID 12956 (C:\Users\magantilavakumar\git\Assignment\Assignment\target\classes started by magantilavakumar in C:\Users\magantilavakumar\git\Assignment\Assignment)
2020-02-22 20:19:37.594  INFO 12956 --- [restartedMain] com.assignment.test.TestApplication      : No active profile set, falling back to default profiles: default
2020-02-22 20:19:37.654  INFO 12956 --- [restartedMain] .e.DevToolsPropertyDefaultsPostProcessor : Devtools property defaults active! Set 'spring.devtools.add-properties' to 'false' to disable
2020-02-22 20:19:37.654  INFO 12956 --- [restartedMain] .e.DevToolsPropertyDefaultsPostProcessor : For additional web related logging consider setting the 'logging.level.web' property to 'DEBUG'
2020-02-22 20:19:37.733  WARN 2752 --- [RMI TCP Connection(7)-127.0.0.1] o.s.b.f.support.DisposableBeanAdapter    : Invocation of destroy method failed on bean with name 'inMemoryDatabaseShutdownExecutor': org.h2.jdbc.JdbcSQLNonTransientConnectionException: Database is already closed (to disable automatic closing at VM shutdown, add ";DB_CLOSE_ON_EXIT=FALSE" to the db URL) [90121-200]
2020-02-22 20:19:37.734  INFO 2752 --- [RMI TCP Connection(7)-127.0.0.1] com.zaxxer.hikari.HikariDataSource       : HikariPool-1 - Shutdown initiated...
2020-02-22 20:19:37.737  INFO 2752 --- [RMI TCP Connection(7)-127.0.0.1] com.zaxxer.hikari.HikariDataSource       : HikariPool-1 - Shutdown completed.
2020-02-22 20:19:38.493  INFO 12956 --- [restartedMain] .s.d.r.c.RepositoryConfigurationDelegate : Bootstrapping Spring Data JPA repositories in DEFAULT mode.
2020-02-22 20:19:38.523  INFO 12956 --- [restartedMain] .s.d.r.c.RepositoryConfigurationDelegate : Finished Spring Data repository scanning in 16ms. Found 0 JPA repository interfaces.
2020-02-22 20:19:39.106  INFO 12956 --- [restartedMain] trationDelegate$BeanPostProcessorChecker : Bean 'org.springframework.transaction.annotation.ProxyTransactionManagementConfiguration' of type [org.springframework.transaction.annotation.ProxyTransactionManagementConfiguration$$EnhancerBySpringCGLIB$$e8db5f96] is not eligible for getting processed by all BeanPostProcessors (for example: not eligible for auto-proxying)
2020-02-22 20:19:39.378  INFO 12956 --- [restartedMain] o.s.b.w.embedded.tomcat.TomcatWebServer  : Tomcat initialized with port(s): 9090 (http)
2020-02-22 20:19:39.398  INFO 12956 --- [restartedMain] o.apache.catalina.core.StandardService   : Starting service [Tomcat]
2020-02-22 20:19:39.398  INFO 12956 --- [restartedMain] org.apache.catalina.core.StandardEngine  : Starting Servlet engine: [Apache Tomcat/9.0.30]
2020-02-22 20:19:39.476  INFO 12956 --- [restartedMain] o.a.c.c.C.[Tomcat].[localhost].[/]       : Initializing Spring embedded WebApplicationContext
2020-02-22 20:19:39.476  INFO 12956 --- [restartedMain] o.s.web.context.ContextLoader            : Root WebApplicationContext: initialization completed in 1822 ms
